  Actor.cpp
  Ghost.cpp
  Health.cpp
     Creating library C:\Users\bramd\OneDrive\Documenten\Programming 4\Exam_Assignment\Win32\Release\Minigin.lib and object C:\Users\bramd\OneDrive\Documenten\Programming 4\Exam_Assignment\Win32\Release\Minigin.exp
  Generating code
  All 1536 functions were compiled because no usable IPDB/IOBJ from previous compilation was found.
  Finished generating code
  Minigin.vcxproj -> C:\Users\bramd\OneDrive\Documenten\Programming 4\Exam_Assignment\Win32\Release\Minigin.exe
  C:\Users\bramd\OneDrive\Documenten\Programming 4\Exam_Assignment\3rdParty\SDL2\lib\x86\SDL2.dll
  1 File(s) copied
  C:\Users\bramd\OneDrive\Documenten\Programming 4\Exam_Assignment\3rdParty\SDL2_image\lib\x86\libjpeg-9.dll
  C:\Users\bramd\OneDrive\Documenten\Programming 4\Exam_Assignment\3rdParty\SDL2_image\lib\x86\libpng16-16.dll
  C:\Users\bramd\OneDrive\Documenten\Programming 4\Exam_Assignment\3rdParty\SDL2_image\lib\x86\libtiff-5.dll
  C:\Users\bramd\OneDrive\Documenten\Programming 4\Exam_Assignment\3rdParty\SDL2_image\lib\x86\libwebp-7.dll
  C:\Users\bramd\OneDrive\Documenten\Programming 4\Exam_Assignment\3rdParty\SDL2_image\lib\x86\SDL2_image.dll
  C:\Users\bramd\OneDrive\Documenten\Programming 4\Exam_Assignment\3rdParty\SDL2_image\lib\x86\zlib1.dll
  6 File(s) copied
  C:\Users\bramd\OneDrive\Documenten\Programming 4\Exam_Assignment\3rdParty\SDL2_ttf\lib\x86\libfreetype-6.dll
  C:\Users\bramd\OneDrive\Documenten\Programming 4\Exam_Assignment\3rdParty\SDL2_ttf\lib\x86\SDL2_ttf.dll
  2 File(s) copied
